<?xml version="1.0" encoding="UTF-8"?>
<!-- Generated by org.testng.reporters.JUnitReportReporter -->
<testsuite hostname="DESKTOP-IT8112N" failures="0" tests="4" name="testcase.TC007_EmergencyContacts" time="40.569" errors="0" timestamp="2022-05-18T15:40:56 IST" skipped="0">
  <testcase classname="testcase.TC007_EmergencyContacts" name="Myinfoclick" time="20.200"/>
  <system-out/>
  <testcase classname="testcase.TC007_EmergencyContacts" name="Validpersonalinfo" time="10.333"/>
  <system-out/>
  <testcase classname="testcase.TC007_EmergencyContacts" name="Invalidpersonalinfo" time="9.270"/>
  <system-out/>
  <testcase classname="testcase.TC007_EmergencyContacts" name="attach" time="0.766"/>
  <system-out/>
</testsuite> <!-- testcase.TC007_EmergencyContacts -->
