<?xml version="1.0" encoding="UTF-8"?>
<!-- Generated by org.testng.reporters.JUnitReportReporter -->
<testsuite hostname="DESKTOP-IT8112N" failures="0" tests="2" name="testcase.TC007_EmergencyContacts" time="32.272" errors="0" timestamp="2022-05-19T23:09:24 IST" skipped="1">
  <testcase classname="testcase.TC007_EmergencyContacts" name="ValidEmergencyContacts" time="32.272"/>
  <system-out/>
  <testcase classname="testcase.TC007_EmergencyContacts" name="InvalidEmergencyContacts">
    <skipped/>
  </testcase> <!-- InvalidEmergencyContacts -->
  <system-out/>
</testsuite> <!-- testcase.TC007_EmergencyContacts -->
