<?xml version="1.0" encoding="UTF-8"?>
<!-- Generated by org.testng.reporters.JUnitReportReporter -->
<testsuite hostname="DESKTOP-IT8112N" failures="0" tests="4" name="testcase.TC005_ContactDetails" time="32.868" errors="0" timestamp="2022-05-18T15:26:46 IST" skipped="2">
  <testcase classname="testcase.TC005_ContactDetails" name="Myinfoclick" time="20.281"/>
  <system-out/>
  <testcase classname="testcase.TC005_ContactDetails" name="Contactinfo" time="12.587"/>
  <system-out/>
  <testcase classname="testcase.TC005_ContactDetails" name="InvalidContactinfo">
    <skipped/>
  </testcase> <!-- InvalidContactinfo -->
  <system-out/>
  <testcase classname="testcase.TC005_ContactDetails" name="attach">
    <skipped/>
  </testcase> <!-- attach -->
  <system-out/>
</testsuite> <!-- testcase.TC005_ContactDetails -->
