<?xml version="1.0" encoding="UTF-8"?>
<!-- Generated by org.testng.reporters.JUnitReportReporter -->
<testsuite hostname="DESKTOP-IT8112N" failures="0" tests="2" name="testcase.TC004_SalaryDetails" time="20.567" errors="0" timestamp="2022-05-18T15:24:37 IST" skipped="0">
  <testcase classname="testcase.TC004_SalaryDetails" name="Myinfoclick" time="20.319"/>
  <system-out/>
  <testcase classname="testcase.TC004_SalaryDetails" name="salary" time="0.248"/>
  <system-out/>
</testsuite> <!-- testcase.TC004_SalaryDetails -->
