<?xml version="1.0" encoding="UTF-8"?>
<!-- Generated by org.testng.reporters.JUnitReportReporter -->
<testsuite hostname="DESKTOP-IT8112N" failures="0" tests="3" name="testcase.TC010_Qualification" time="32.831" errors="0" timestamp="2022-05-17T23:53:41 IST" skipped="1">
  <testcase classname="testcase.TC010_Qualification" name="Myinfoclick" time="18.301"/>
  <system-out/>
  <testcase classname="testcase.TC010_Qualification" name="Validpersonalinfo" time="14.530"/>
  <system-out/>
  <testcase classname="testcase.TC010_Qualification" name="attach">
    <skipped/>
  </testcase> <!-- attach -->
  <system-out/>
</testsuite> <!-- testcase.TC010_Qualification -->
