<?xml version="1.0" encoding="UTF-8"?>
<!-- Generated by org.testng.reporters.JUnitReportReporter -->
<testsuite hostname="DESKTOP-IT8112N" failures="0" tests="1" name="pageobjects.TestCase" time="6.408" errors="0" timestamp="2022-05-16T12:49:24 IST" skipped="0">
  <testcase classname="pageobjects.TestCase" name="Validdata" time="6.408"/>
  <system-out/>
</testsuite> <!-- pageobjects.TestCase -->
