<?xml version="1.0" encoding="UTF-8"?>
<!-- Generated by org.testng.reporters.JUnitReportReporter -->
<testsuite hostname="DESKTOP-IT8112N" failures="0" tests="1" name="testBase.TestCase" time="36.616" errors="0" timestamp="2022-05-16T12:39:40 IST" skipped="0">
  <testcase classname="testBase.TestCase" name="Validdata" time="36.616"/>
  <system-out/>
</testsuite> <!-- testBase.TestCase -->
