<?xml version="1.0" encoding="UTF-8"?>
<!-- Generated by org.testng.reporters.JUnitReportReporter -->
<testsuite hostname="DESKTOP-IT8112N" failures="0" tests="2" name="testcase.TC005_ContactDetails" time="72.479" errors="0" timestamp="2022-05-19T22:17:18 IST" skipped="0">
  <testcase classname="testcase.TC005_ContactDetails" name="Contactinfo" time="36.823"/>
  <system-out/>
  <testcase classname="testcase.TC005_ContactDetails" name="InvalidContactinfo" time="35.656"/>
  <system-out/>
</testsuite> <!-- testcase.TC005_ContactDetails -->
