<?xml version="1.0" encoding="UTF-8"?>
<!-- Generated by org.testng.reporters.JUnitReportReporter -->
<testsuite hostname="DESKTOP-IT8112N" failures="0" tests="1" name="testcase.TC006_SocialMedia" time="32.899" errors="0" timestamp="2022-05-19T22:37:52 IST" skipped="0">
  <testcase classname="testcase.TC006_SocialMedia" name="SocialMediainfo" time="32.899"/>
  <system-out/>
</testsuite> <!-- testcase.TC006_SocialMedia -->
