<?xml version="1.0" encoding="UTF-8"?>
<!-- Generated by org.testng.reporters.JUnitReportReporter -->
<testsuite hostname="DESKTOP-IT8112N" failures="0" tests="4" name="testcase.TC007_EmergencyContacts" time="22.574" errors="0" timestamp="2022-05-17T20:35:30 IST" skipped="2">
  <testcase classname="testcase.TC007_EmergencyContacts" name="Myinfoclick" time="20.234"/>
  <system-out/>
  <testcase classname="testcase.TC007_EmergencyContacts" name="Validpersonalinfo" time="2.340"/>
  <system-out/>
  <testcase classname="testcase.TC007_EmergencyContacts" name="Invalidpersonalinfo">
    <skipped/>
  </testcase> <!-- Invalidpersonalinfo -->
  <system-out/>
  <testcase classname="testcase.TC007_EmergencyContacts" name="attach">
    <skipped/>
  </testcase> <!-- attach -->
  <system-out/>
</testsuite> <!-- testcase.TC007_EmergencyContacts -->
