<?xml version="1.0" encoding="UTF-8"?>
<!-- Generated by org.testng.reporters.JUnitReportReporter -->
<testsuite hostname="DESKTOP-IT8112N" failures="0" tests="2" name="testcase.TC008_Dependent" time="31.206" errors="0" timestamp="2022-05-17T21:34:16 IST" skipped="0">
  <testcase classname="testcase.TC008_Dependent" name="Myinfoclick" time="20.208"/>
  <system-out/>
  <testcase classname="testcase.TC008_Dependent" name="ValidDependent" time="10.998"/>
  <system-out/>
</testsuite> <!-- testcase.TC008_Dependent -->
