<?xml version="1.0" encoding="UTF-8"?>
<!-- Generated by org.testng.reporters.JUnitReportReporter -->
<testsuite hostname="DESKTOP-IT8112N" failures="0" tests="3" name="testcase.TC009_Immigration" time="31.539" errors="0" timestamp="2022-05-17T22:46:13 IST" skipped="1">
  <testcase classname="testcase.TC009_Immigration" name="Myinfoclick" time="20.329"/>
  <system-out/>
  <testcase classname="testcase.TC009_Immigration" name="ValidDependent" time="11.210"/>
  <system-out/>
  <testcase classname="testcase.TC009_Immigration" name="attach">
    <skipped/>
  </testcase> <!-- attach -->
  <system-out/>
</testsuite> <!-- testcase.TC009_Immigration -->
