<?xml version="1.0" encoding="UTF-8"?>
<!-- Generated by org.testng.reporters.JUnitReportReporter -->
<testsuite hostname="DESKTOP-IT8112N" failures="0" tests="2" name="testcase.TC003_JobDetails" time="39.893" errors="0" timestamp="2022-05-17T15:08:23 IST" skipped="0">
  <testcase classname="testcase.TC003_JobDetails" name="Myinfoclick" time="20.265"/>
  <system-out/>
  <testcase classname="testcase.TC003_JobDetails" name="Job" time="19.628"/>
  <system-out/>
</testsuite> <!-- testcase.TC003_JobDetails -->
