<?xml version="1.0" encoding="UTF-8"?>
<!-- Generated by org.testng.reporters.JUnitReportReporter -->
<testsuite hostname="DESKTOP-IT8112N" failures="0" tests="2" name="testcase.TC008_Dependent" time="66.361" errors="0" timestamp="2022-05-20T00:07:57 IST" skipped="0">
  <testcase classname="testcase.TC008_Dependent" name="ValidDependent" time="31.793"/>
  <system-out/>
  <testcase classname="testcase.TC008_Dependent" name="InValidDependent" time="34.568"/>
  <system-out/>
</testsuite> <!-- testcase.TC008_Dependent -->
