<?xml version="1.0" encoding="UTF-8"?>
<!-- Generated by org.testng.reporters.JUnitReportReporter -->
<testsuite hostname="DESKTOP-IT8112N" failures="0" tests="4" name="testcase.TC012_Covid19" time="35.708" errors="0" timestamp="2022-05-18T17:24:46 IST" skipped="0">
  <testcase classname="testcase.TC012_Covid19" name="Myinfoclick" time="18.244"/>
  <system-out/>
  <testcase classname="testcase.TC012_Covid19" name="covidinfo" time="8.285"/>
  <system-out/>
  <testcase classname="testcase.TC012_Covid19" name="attach" time="5.677"/>
  <system-out/>
  <testcase classname="testcase.TC012_Covid19" name="editattach" time="3.502"/>
  <system-out/>
</testsuite> <!-- testcase.TC012_Covid19 -->
