<?xml version="1.0" encoding="UTF-8"?>
<!-- Generated by org.testng.reporters.JUnitReportReporter -->
<testsuite hostname="DESKTOP-IT8112N" failures="0" tests="3" name="testcase.TC008_Dependent" time="33.090" errors="0" timestamp="2022-05-18T15:46:13 IST" skipped="0">
  <testcase classname="testcase.TC008_Dependent" name="Myinfoclick" time="20.154"/>
  <system-out/>
  <testcase classname="testcase.TC008_Dependent" name="ValidDependent" time="11.767"/>
  <system-out/>
  <testcase classname="testcase.TC008_Dependent" name="attach" time="1.169"/>
  <system-out/>
</testsuite> <!-- testcase.TC008_Dependent -->
