<?xml version="1.0" encoding="UTF-8"?>
<!-- Generated by org.testng.reporters.JUnitReportReporter -->
<testsuite hostname="DESKTOP-IT8112N" failures="0" tests="3" name="testcase.TC010_Qualification" time="34.222" errors="0" timestamp="2022-05-18T15:52:10 IST" skipped="0">
  <testcase classname="testcase.TC010_Qualification" name="Myinfoclick" time="18.253"/>
  <system-out/>
  <testcase classname="testcase.TC010_Qualification" name="Validpersonalinfo" time="15.383"/>
  <system-out/>
  <testcase classname="testcase.TC010_Qualification" name="attach" time="0.586"/>
  <system-out/>
</testsuite> <!-- testcase.TC010_Qualification -->
