<?xml version="1.0" encoding="UTF-8"?>
<!-- Generated by org.testng.reporters.JUnitReportReporter -->
<testsuite hostname="DESKTOP-IT8112N" failures="0" tests="3" name="testcase.TC009_Immigration" time="38.623" errors="0" timestamp="2022-05-18T15:48:39 IST" skipped="0">
  <testcase classname="testcase.TC009_Immigration" name="Myinfoclick" time="20.235"/>
  <system-out/>
  <testcase classname="testcase.TC009_Immigration" name="ValidDependent" time="17.247"/>
  <system-out/>
  <testcase classname="testcase.TC009_Immigration" name="attach" time="1.141"/>
  <system-out/>
</testsuite> <!-- testcase.TC009_Immigration -->
