<?xml version="1.0" encoding="UTF-8"?>
<!-- Generated by org.testng.reporters.JUnitReportReporter -->
<testsuite hostname="DESKTOP-IT8112N" failures="0" tests="4" name="testcase.TC002_PersonalDetails" time="26.411" errors="0" timestamp="2022-05-17T16:53:39 IST" skipped="2">
  <testcase classname="testcase.TC002_PersonalDetails" name="Myinfoclick" time="20.211"/>
  <system-out/>
  <testcase classname="testcase.TC002_PersonalDetails" name="Invalidpersonalinfo" time="6.200"/>
  <system-out/>
  <testcase classname="testcase.TC002_PersonalDetails" name="Validpersonalinfo">
    <skipped/>
  </testcase> <!-- Validpersonalinfo -->
  <system-out/>
  <testcase classname="testcase.TC002_PersonalDetails" name="attach">
    <skipped/>
  </testcase> <!-- attach -->
  <system-out/>
</testsuite> <!-- testcase.TC002_PersonalDetails -->
