<?xml version="1.0" encoding="UTF-8"?>
<!-- Generated by org.testng.reporters.JUnitReportReporter -->
<testsuite hostname="DESKTOP-IT8112N" failures="0" tests="1" name="testcase.TC001_ProfilePicture" time="29.823" errors="0" timestamp="2022-05-20T11:25:18 IST" skipped="0">
  <testcase classname="testcase.TC001_ProfilePicture" name="profilepicture" time="29.823"/>
  <system-out/>
</testsuite> <!-- testcase.TC001_ProfilePicture -->
