<?xml version="1.0" encoding="UTF-8"?>
<!-- Generated by org.testng.reporters.JUnitReportReporter -->
<testsuite hostname="DESKTOP-IT8112N" failures="0" tests="1" name="testdata.TestData" time="78.092" errors="0" timestamp="2022-05-16T14:58:26 IST" skipped="0">
  <testcase classname="testdata.TestData" name="Validdata" time="78.092"/>
  <system-out/>
</testsuite> <!-- testdata.TestData -->
