<?xml version="1.0" encoding="UTF-8"?>
<!-- Generated by org.testng.reporters.JUnitReportReporter -->
<testsuite hostname="DESKTOP-IT8112N" failures="0" tests="1" name="testcase.TC004_SalaryDetails" time="17.863" errors="0" timestamp="2022-05-19T21:11:26 IST" skipped="0">
  <testcase classname="testcase.TC004_SalaryDetails" name="salary" time="17.863"/>
  <system-out/>
</testsuite> <!-- testcase.TC004_SalaryDetails -->
