<?xml version="1.0" encoding="UTF-8"?>
<!-- Generated by org.testng.reporters.JUnitReportReporter -->
<testsuite hostname="DESKTOP-IT8112N" failures="0" tests="2" name="testcase.TC003_JobDetails" time="39.382" errors="0" timestamp="2022-05-18T15:22:42 IST" skipped="0">
  <testcase classname="testcase.TC003_JobDetails" name="Myinfoclick" time="20.259"/>
  <system-out/>
  <testcase classname="testcase.TC003_JobDetails" name="Job" time="19.123"/>
  <system-out/>
</testsuite> <!-- testcase.TC003_JobDetails -->
