<?xml version="1.0" encoding="UTF-8"?>
<!-- Generated by org.testng.reporters.JUnitReportReporter -->
<testsuite hostname="DESKTOP-IT8112N" failures="0" tests="1" name="testcase.TC009_Immigration" time="50.861" errors="0" timestamp="2022-05-20T00:18:25 IST" skipped="0">
  <testcase classname="testcase.TC009_Immigration" name="ValidImmigration" time="50.861"/>
  <system-out/>
</testsuite> <!-- testcase.TC009_Immigration -->
