<?xml version="1.0" encoding="UTF-8"?>
<!-- Generated by org.testng.reporters.JUnitReportReporter -->
<testsuite hostname="DESKTOP-IT8112N" failures="0" tests="3" name="testcase.TC005_ContactDetails" time="24.483" errors="0" timestamp="2022-05-17T17:48:20 IST" skipped="1">
  <testcase classname="testcase.TC005_ContactDetails" name="Myinfoclick" time="20.287"/>
  <system-out/>
  <testcase classname="testcase.TC005_ContactDetails" name="Contactinfo" time="4.196"/>
  <system-out/>
  <testcase classname="testcase.TC005_ContactDetails" name="attach">
    <skipped/>
  </testcase> <!-- attach -->
  <system-out/>
</testsuite> <!-- testcase.TC005_ContactDetails -->
