<?xml version="1.0" encoding="UTF-8"?>
<!-- Generated by org.testng.reporters.JUnitReportReporter -->
<testsuite hostname="DESKTOP-IT8112N" failures="0" tests="2" name="testcase.TC002_PersonalDetails" time="37.542" errors="0" timestamp="2022-05-19T22:53:32 IST" skipped="1">
  <testcase classname="testcase.TC002_PersonalDetails" name="Invalidpersonalinfo" time="37.542"/>
  <system-out/>
  <testcase classname="testcase.TC002_PersonalDetails" name="Validpersonalinfo">
    <skipped/>
  </testcase> <!-- Validpersonalinfo -->
  <system-out/>
</testsuite> <!-- testcase.TC002_PersonalDetails -->
