<?xml version="1.0" encoding="UTF-8"?>
<!-- Generated by org.testng.reporters.JUnitReportReporter -->
<testsuite hostname="DESKTOP-IT8112N" failures="0" tests="1" name="testcase.TC003_JobDetails" time="24.737" errors="0" timestamp="2022-05-19T20:50:39 IST" skipped="0">
  <testcase classname="testcase.TC003_JobDetails" name="Job" time="24.737"/>
  <system-out/>
</testsuite> <!-- testcase.TC003_JobDetails -->
