<?xml version="1.0" encoding="UTF-8"?>
<!-- Generated by org.testng.reporters.JUnitReportReporter -->
<testsuite hostname="DESKTOP-IT8112N" failures="0" tests="2" name="testcase.TC006_SocialMedia" time="22.691" errors="0" timestamp="2022-05-17T19:30:55 IST" skipped="0">
  <testcase classname="testcase.TC006_SocialMedia" name="Myinfoclick" time="20.274"/>
  <system-out/>
  <testcase classname="testcase.TC006_SocialMedia" name="SocialMediainfo" time="2.417"/>
  <system-out/>
</testsuite> <!-- testcase.TC006_SocialMedia -->
