<?xml version="1.0" encoding="UTF-8"?>
<!-- Generated by org.testng.reporters.JUnitReportReporter -->
<testsuite hostname="DESKTOP-IT8112N" failures="0" tests="3" name="testcase.TC012_Covid19" time="37.289" errors="0" timestamp="2022-05-20T00:33:00 IST" skipped="0">
  <testcase classname="testcase.TC012_Covid19" name="Myinfoclick" time="18.194"/>
  <system-out/>
  <testcase classname="testcase.TC012_Covid19" name="covidinfo" time="14.723"/>
  <system-out/>
  <testcase classname="testcase.TC012_Covid19" name="editattach" time="4.372"/>
  <system-out/>
</testsuite> <!-- testcase.TC012_Covid19 -->
