<?xml version="1.0" encoding="UTF-8"?>
<!-- Generated by org.testng.reporters.JUnitReportReporter -->
<testsuite hostname="DESKTOP-IT8112N" failures="0" tests="2" name="testcase.TC006_SocialMedia" time="30.659" errors="0" timestamp="2022-05-18T15:28:33 IST" skipped="0">
  <testcase classname="testcase.TC006_SocialMedia" name="Myinfoclick" time="20.249"/>
  <system-out/>
  <testcase classname="testcase.TC006_SocialMedia" name="SocialMediainfo" time="10.410"/>
  <system-out/>
</testsuite> <!-- testcase.TC006_SocialMedia -->
