<?xml version="1.0" encoding="UTF-8"?>
<!-- Generated by org.testng.reporters.JUnitReportReporter -->
<testsuite hostname="DESKTOP-IT8112N" failures="0" tests="1" name="testcase.TestCase" time="21.362" errors="0" timestamp="2022-05-16T12:52:25 IST" skipped="0">
  <testcase classname="testcase.TestCase" name="Validdata" time="21.362"/>
  <system-out/>
</testsuite> <!-- testcase.TestCase -->
